<?xml version="1.0" encoding="UTF-8"?>
<testsuite name="com.acoustic.integrationtestcontroller.PensionZusControllerTest" tests="4" skipped="0" failures="0" errors="0" timestamp="2022-07-01T06:31:55" hostname="Giuseppes-MBP" time="0.408">
  <properties/>
  <testcase name="[1] input=6000, totalZus=90.00" classname="com.acoustic.integrationtestcontroller.PensionZusControllerTest" time="0.371"/>
  <testcase name="[2] input=7000, totalZus=105.00" classname="com.acoustic.integrationtestcontroller.PensionZusControllerTest" time="0.007"/>
  <testcase name="[3] input=8555, totalZus=128.32" classname="com.acoustic.integrationtestcontroller.PensionZusControllerTest" time="0.009"/>
  <testcase name="[4] input=15143.99, totalZus=227.16" classname="com.acoustic.integrationtestcontroller.PensionZusControllerTest" time="0.018"/>
  <system-out><![CDATA[08:31:50.230 [Test worker] DEBUG org.springframework.test.context.BootstrapUtils - Instantiating CacheAwareContextLoaderDelegate from class [org.springframework.test.context.cache.DefaultCacheAwareContextLoaderDelegate]
08:31:50.250 [Test worker] DEBUG org.springframework.test.context.BootstrapUtils - Instantiating BootstrapContext using constructor [public org.springframework.test.context.support.DefaultBootstrapContext(java.lang.Class,org.springframework.test.context.CacheAwareContextLoaderDelegate)]
08:31:50.306 [Test worker] DEBUG org.springframework.test.context.BootstrapUtils - Instantiating TestContextBootstrapper for test class [com.acoustic.integrationtestcontroller.PensionZusControllerTest] from class [org.springframework.boot.test.context.SpringBootTestContextBootstrapper]
08:31:50.320 [Test worker] INFO org.springframework.boot.test.context.SpringBootTestContextBootstrapper - Neither @ContextConfiguration nor @ContextHierarchy found for test class [com.acoustic.integrationtestcontroller.PensionZusControllerTest], using SpringBootContextLoader
08:31:50.328 [Test worker] DEBUG org.springframework.test.context.support.AbstractContextLoader - Did not detect default resource location for test class [com.acoustic.integrationtestcontroller.PensionZusControllerTest]: class path resource [com/acoustic/integrationtestcontroller/PensionZusControllerTest-context.xml] does not exist
08:31:50.329 [Test worker] DEBUG org.springframework.test.context.support.AbstractContextLoader - Did not detect default resource location for test class [com.acoustic.integrationtestcontroller.PensionZusControllerTest]: class path resource [com/acoustic/integrationtestcontroller/PensionZusControllerTestContext.groovy] does not exist
08:31:50.329 [Test worker] INFO org.springframework.test.context.support.AbstractContextLoader - Could not detect default resource locations for test class [com.acoustic.integrationtestcontroller.PensionZusControllerTest]: no resource found for suffixes {-context.xml, Context.groovy}.
08:31:50.330 [Test worker] INFO org.springframework.test.context.support.AnnotationConfigContextLoaderUtils - Could not detect default configuration classes for test class [com.acoustic.integrationtestcontroller.PensionZusControllerTest]: PensionZusControllerTest does not declare any static, non-private, non-final, nested classes annotated with @Configuration.
08:31:50.501 [Test worker] DEBUG org.springframework.context.annotation.ClassPathScanningCandidateComponentProvider - Identified candidate component class: file [/Users/giuseppetumminello/Desktop/JavaTraining/Spring-SalaryCalculator-Microservices/PensionZus/build/classes/java/main/com/acoustic/PensionZusApplication.class]
08:31:50.501 [Test worker] INFO org.springframework.boot.test.context.SpringBootTestContextBootstrapper - Found @SpringBootConfiguration com.acoustic.PensionZusApplication for test class com.acoustic.integrationtestcontroller.PensionZusControllerTest
08:31:50.626 [Test worker] DEBUG org.springframework.boot.test.context.SpringBootTestContextBootstrapper - @TestExecutionListeners is not present for class [com.acoustic.integrationtestcontroller.PensionZusControllerTest]: using defaults.
08:31:50.626 [Test worker] INFO org.springframework.boot.test.context.SpringBootTestContextBootstrapper - Loaded default TestExecutionListener class names from location [META-INF/spring.factories]: [org.springframework.boot.test.autoconfigure.restdocs.RestDocsTestExecutionListener, org.springframework.boot.test.autoconfigure.web.client.MockRestServiceServerResetTestExecutionListener, org.springframework.boot.test.autoconfigure.web.servlet.MockMvcPrintOnlyOnFailureTestExecutionListener, org.springframework.boot.test.autoconfigure.web.servlet.WebDriverTestExecutionListener, org.springframework.boot.test.autoconfigure.webservices.client.MockWebServiceServerTestExecutionListener, org.springframework.boot.test.mock.mockito.MockitoTestExecutionListener, org.springframework.boot.test.mock.mockito.ResetMocksTestExecutionListener, org.springframework.test.context.web.ServletTestExecutionListener, org.springframework.test.context.support.DirtiesContextBeforeModesTestExecutionListener, org.springframework.test.context.event.ApplicationEventsTestExecutionListener, org.springframework.test.context.support.DependencyInjectionTestExecutionListener, org.springframework.test.context.support.DirtiesContextTestExecutionListener, org.springframework.test.context.transaction.TransactionalTestExecutionListener, org.springframework.test.context.jdbc.SqlScriptsTestExecutionListener, org.springframework.test.context.event.EventPublishingTestExecutionListener]
08:31:50.651 [Test worker] INFO org.springframework.boot.test.context.SpringBootTestContextBootstrapper - Using TestExecutionListeners: [org.springframework.test.context.web.ServletTestExecutionListener@5c09d180, org.springframework.test.context.support.DirtiesContextBeforeModesTestExecutionListener@23aae55, org.springframework.test.context.event.ApplicationEventsTestExecutionListener@5f574cc2, org.springframework.boot.test.mock.mockito.MockitoTestExecutionListener@680bddf5, org.springframework.boot.test.autoconfigure.SpringBootDependencyInjectionTestExecutionListener@7a9c84a5, org.springframework.test.context.support.DirtiesContextTestExecutionListener@2d83c5a5, org.springframework.test.context.transaction.TransactionalTestExecutionListener@48d7ad8b, org.springframework.test.context.jdbc.SqlScriptsTestExecutionListener@7e053511, org.springframework.test.context.event.EventPublishingTestExecutionListener@60222fd8, org.springframework.boot.test.autoconfigure.restdocs.RestDocsTestExecutionListener@53bf7094, org.springframework.boot.test.autoconfigure.web.client.MockRestServiceServerResetTestExecutionListener@26f1249d, org.springframework.boot.test.autoconfigure.web.servlet.MockMvcPrintOnlyOnFailureTestExecutionListener@710b30ef, org.springframework.boot.test.autoconfigure.web.servlet.WebDriverTestExecutionListener@a68df9, org.springframework.boot.test.autoconfigure.webservices.client.MockWebServiceServerTestExecutionListener@28b576a9, org.springframework.boot.test.mock.mockito.ResetMocksTestExecutionListener@7cf7aee]
08:31:50.656 [Test worker] DEBUG org.springframework.test.context.support.AbstractDirtiesContextTestExecutionListener - Before test class: context [DefaultTestContext@68ace111 testClass = PensionZusControllerTest, testInstance = [null], testMethod = [null], testException = [null], mergedContextConfiguration = [WebMergedContextConfiguration@1f9d6c7b testClass = PensionZusControllerTest, locations = '{}', classes = '{class com.acoustic.PensionZusApplication}', contextInitializerClasses = '[]', activeProfiles = '{test}', propertySourceLocations = '{}', propertySourceProperties = '{org.springframework.boot.test.context.SpringBootTestContextBootstrapper=true}', contextCustomizers = set[org.springframework.boot.test.autoconfigure.actuate.metrics.MetricsExportContextCustomizerFactory$DisableMetricExportContextCustomizer@40e10ff8, org.springframework.boot.test.autoconfigure.properties.PropertyMappingContextCustomizer@4b3fa0b3, org.springframework.boot.test.autoconfigure.web.servlet.WebDriverContextCustomizerFactory$Customizer@56f6d40b, [ImportsContextCustomizer@6df20ade key = [org.springframework.boot.test.autoconfigure.web.servlet.MockMvcAutoConfiguration, org.springframework.boot.test.autoconfigure.web.servlet.MockMvcWebClientAutoConfiguration, org.springframework.boot.test.autoconfigure.web.servlet.MockMvcWebDriverAutoConfiguration, org.springframework.boot.autoconfigure.security.oauth2.client.servlet.OAuth2ClientAutoConfiguration, org.springframework.boot.autoconfigure.security.oauth2.resource.servlet.OAuth2ResourceServerAutoConfiguration, org.springframework.boot.autoconfigure.security.servlet.SecurityAutoConfiguration, org.springframework.boot.autoconfigure.security.servlet.SecurityFilterAutoConfiguration, org.springframework.boot.autoconfigure.security.servlet.UserDetailsServiceAutoConfiguration, org.springframework.boot.test.autoconfigure.web.servlet.MockMvcSecurityConfiguration, org.springframework.boot.test.autoconfigure.web.reactive.WebTestClientAutoConfiguration]], org.springframework.boot.test.context.filter.ExcludeFilterContextCustomizer@1ce61929, org.springframework.boot.test.json.DuplicateJsonObjectContextCustomizerFactory$DuplicateJsonObjectContextCustomizer@9bd0fa6, org.springframework.boot.test.mock.mockito.MockitoContextCustomizer@0, org.springframework.boot.test.web.client.TestRestTemplateContextCustomizer@24fb6a80, org.springframework.boot.test.context.SpringBootTestArgs@1, org.springframework.boot.test.context.SpringBootTestWebEnvironment@404bbcbd], resourceBasePath = 'src/main/webapp', contextLoader = 'org.springframework.boot.test.context.SpringBootContextLoader', parent = [null]], attributes = map['org.springframework.test.context.web.ServletTestExecutionListener.activateListener' -> true]], class annotated with @DirtiesContext [false] with mode [null].

  .   ____          _            __ _ _
 /\\ / ___'_ __ _ _(_)_ __  __ _ \ \ \ \
( ( )\___ | '_ | '_| | '_ \/ _` | \ \ \ \
 \\/  ___)| |_)| | | | | || (_| |  ) ) ) )
  '  |____| .__|_| |_|_| |_\__, | / / / /
 =========|_|==============|___/=/_/_/_/
 :: Spring Boot ::                (v2.7.1)

2022-07-01 08:31:51.147  INFO 1516 --- [    Test worker] c.a.i.PensionZusControllerTest           : Starting PensionZusControllerTest using Java 11.0.15 on Giuseppes-MBP with PID 1516 (started by giuseppetumminello in /Users/giuseppetumminello/Desktop/JavaTraining/Spring-SalaryCalculator-Microservices/PensionZus)
2022-07-01 08:31:51.149  INFO 1516 --- [    Test worker] c.a.i.PensionZusControllerTest           : The following 1 profile is active: "test"
2022-07-01 08:31:51.907  INFO 1516 --- [    Test worker] .s.d.r.c.RepositoryConfigurationDelegate : Bootstrapping Spring Data JPA repositories in DEFAULT mode.
2022-07-01 08:31:52.105  INFO 1516 --- [    Test worker] .s.d.r.c.RepositoryConfigurationDelegate : Finished Spring Data repository scanning in 189 ms. Found 1 JPA repository interfaces.
2022-07-01 08:31:52.623  INFO 1516 --- [    Test worker] com.zaxxer.hikari.HikariDataSource       : HikariPool-1 - Starting...
2022-07-01 08:31:53.048  INFO 1516 --- [    Test worker] com.zaxxer.hikari.HikariDataSource       : HikariPool-1 - Start completed.
2022-07-01 08:31:53.130  INFO 1516 --- [    Test worker] o.hibernate.jpa.internal.util.LogHelper  : HHH000204: Processing PersistenceUnitInfo [name: default]
2022-07-01 08:31:53.213  INFO 1516 --- [    Test worker] org.hibernate.Version                    : HHH000412: Hibernate ORM core version 5.6.9.Final
2022-07-01 08:31:53.412  INFO 1516 --- [    Test worker] o.hibernate.annotations.common.Version   : HCANN000001: Hibernate Commons Annotations {5.1.2.Final}
2022-07-01 08:31:53.576  INFO 1516 --- [    Test worker] org.hibernate.dialect.Dialect            : HHH000400: Using dialect: org.hibernate.dialect.H2Dialect
2022-07-01 08:31:54.274  INFO 1516 --- [    Test worker] o.h.e.t.j.p.i.JtaPlatformInitiator       : HHH000490: Using JtaPlatform implementation: [org.hibernate.engine.transaction.jta.platform.internal.NoJtaPlatform]
2022-07-01 08:31:54.284  INFO 1516 --- [    Test worker] j.LocalContainerEntityManagerFactoryBean : Initialized JPA EntityManagerFactory for persistence unit 'default'
2022-07-01 08:31:54.785  WARN 1516 --- [    Test worker] JpaBaseConfiguration$JpaWebConfiguration : spring.jpa.open-in-view is enabled by default. Therefore, database queries may be performed during view rendering. Explicitly configure spring.jpa.open-in-view to disable this warning
2022-07-01 08:31:55.041  INFO 1516 --- [    Test worker] o.s.b.a.h2.H2ConsoleAutoConfiguration    : H2 console available at '/h2-console'. Database available at 'jdbc:h2:mem:salary_calculator'
2022-07-01 08:31:55.305  INFO 1516 --- [    Test worker] o.s.b.t.m.w.SpringBootMockServletContext : Initializing Spring TestDispatcherServlet ''
2022-07-01 08:31:55.305  INFO 1516 --- [    Test worker] o.s.t.web.servlet.TestDispatcherServlet  : Initializing Servlet ''
2022-07-01 08:31:55.306  INFO 1516 --- [    Test worker] o.s.t.web.servlet.TestDispatcherServlet  : Completed initialization in 1 ms
2022-07-01 08:31:55.323  INFO 1516 --- [    Test worker] c.a.i.PensionZusControllerTest           : Started PensionZusControllerTest in 4.561 seconds (JVM running for 6.111)
]]></system-out>
  <system-err><![CDATA[[2022.07.01 08:31:50] (Coverage): Error during class instrumentation: org.springframework.boot.logging.log4j2.Log4J2LoggingSystem: java.lang.RuntimeException: java.io.IOException: Class org/apache/logging/log4j/core/config/composite/CompositeConfiguration not found
]]></system-err>
</testsuite>
