<?xml version="1.0" encoding="UTF-8"?>
<testsuite name="com.acoustic.integrationtestcontroller.PensionZusControllerTest" tests="4" skipped="0" failures="0" errors="0" timestamp="2022-07-01T07:45:20" hostname="Giuseppes-MBP" time="0.309">
  <properties/>
  <testcase name="[1] input=6000, pensionZus=585.60" classname="com.acoustic.integrationtestcontroller.PensionZusControllerTest" time="0.281"/>
  <testcase name="[2] input=7000, pensionZus=683.20" classname="com.acoustic.integrationtestcontroller.PensionZusControllerTest" time="0.006"/>
  <testcase name="[3] input=8555, pensionZus=834.97" classname="com.acoustic.integrationtestcontroller.PensionZusControllerTest" time="0.005"/>
  <testcase name="[4] input=15143.99, pensionZus=1478.05" classname="com.acoustic.integrationtestcontroller.PensionZusControllerTest" time="0.015"/>
  <system-out><![CDATA[09:45:17.289 [Test worker] DEBUG org.springframework.test.context.BootstrapUtils - Instantiating CacheAwareContextLoaderDelegate from class [org.springframework.test.context.cache.DefaultCacheAwareContextLoaderDelegate]
09:45:17.298 [Test worker] DEBUG org.springframework.test.context.BootstrapUtils - Instantiating BootstrapContext using constructor [public org.springframework.test.context.support.DefaultBootstrapContext(java.lang.Class,org.springframework.test.context.CacheAwareContextLoaderDelegate)]
09:45:17.324 [Test worker] DEBUG org.springframework.test.context.BootstrapUtils - Instantiating TestContextBootstrapper for test class [com.acoustic.integrationtestcontroller.PensionZusControllerTest] from class [org.springframework.boot.test.context.SpringBootTestContextBootstrapper]
09:45:17.332 [Test worker] INFO org.springframework.boot.test.context.SpringBootTestContextBootstrapper - Neither @ContextConfiguration nor @ContextHierarchy found for test class [com.acoustic.integrationtestcontroller.PensionZusControllerTest], using SpringBootContextLoader
09:45:17.335 [Test worker] DEBUG org.springframework.test.context.support.AbstractContextLoader - Did not detect default resource location for test class [com.acoustic.integrationtestcontroller.PensionZusControllerTest]: class path resource [com/acoustic/integrationtestcontroller/PensionZusControllerTest-context.xml] does not exist
09:45:17.336 [Test worker] DEBUG org.springframework.test.context.support.AbstractContextLoader - Did not detect default resource location for test class [com.acoustic.integrationtestcontroller.PensionZusControllerTest]: class path resource [com/acoustic/integrationtestcontroller/PensionZusControllerTestContext.groovy] does not exist
09:45:17.336 [Test worker] INFO org.springframework.test.context.support.AbstractContextLoader - Could not detect default resource locations for test class [com.acoustic.integrationtestcontroller.PensionZusControllerTest]: no resource found for suffixes {-context.xml, Context.groovy}.
09:45:17.336 [Test worker] INFO org.springframework.test.context.support.AnnotationConfigContextLoaderUtils - Could not detect default configuration classes for test class [com.acoustic.integrationtestcontroller.PensionZusControllerTest]: PensionZusControllerTest does not declare any static, non-private, non-final, nested classes annotated with @Configuration.
09:45:17.413 [Test worker] DEBUG org.springframework.context.annotation.ClassPathScanningCandidateComponentProvider - Identified candidate component class: file [/Users/giuseppetumminello/Desktop/JavaTraining/Spring-SalaryCalculator-Microservices/PensionZus/build/classes/java/main/com/acoustic/PensionZusApplication.class]
09:45:17.414 [Test worker] INFO org.springframework.boot.test.context.SpringBootTestContextBootstrapper - Found @SpringBootConfiguration com.acoustic.PensionZusApplication for test class com.acoustic.integrationtestcontroller.PensionZusControllerTest
09:45:17.481 [Test worker] DEBUG org.springframework.boot.test.context.SpringBootTestContextBootstrapper - @TestExecutionListeners is not present for class [com.acoustic.integrationtestcontroller.PensionZusControllerTest]: using defaults.
09:45:17.481 [Test worker] INFO org.springframework.boot.test.context.SpringBootTestContextBootstrapper - Loaded default TestExecutionListener class names from location [META-INF/spring.factories]: [org.springframework.boot.test.autoconfigure.restdocs.RestDocsTestExecutionListener, org.springframework.boot.test.autoconfigure.web.client.MockRestServiceServerResetTestExecutionListener, org.springframework.boot.test.autoconfigure.web.servlet.MockMvcPrintOnlyOnFailureTestExecutionListener, org.springframework.boot.test.autoconfigure.web.servlet.WebDriverTestExecutionListener, org.springframework.boot.test.autoconfigure.webservices.client.MockWebServiceServerTestExecutionListener, org.springframework.boot.test.mock.mockito.MockitoTestExecutionListener, org.springframework.boot.test.mock.mockito.ResetMocksTestExecutionListener, org.springframework.test.context.web.ServletTestExecutionListener, org.springframework.test.context.support.DirtiesContextBeforeModesTestExecutionListener, org.springframework.test.context.event.ApplicationEventsTestExecutionListener, org.springframework.test.context.support.DependencyInjectionTestExecutionListener, org.springframework.test.context.support.DirtiesContextTestExecutionListener, org.springframework.test.context.transaction.TransactionalTestExecutionListener, org.springframework.test.context.jdbc.SqlScriptsTestExecutionListener, org.springframework.test.context.event.EventPublishingTestExecutionListener]
09:45:17.503 [Test worker] INFO org.springframework.boot.test.context.SpringBootTestContextBootstrapper - Using TestExecutionListeners: [org.springframework.test.context.web.ServletTestExecutionListener@58783f6c, org.springframework.test.context.support.DirtiesContextBeforeModesTestExecutionListener@3a7b503d, org.springframework.test.context.event.ApplicationEventsTestExecutionListener@512d92b, org.springframework.boot.test.mock.mockito.MockitoTestExecutionListener@62c5bbdc, org.springframework.boot.test.autoconfigure.SpringBootDependencyInjectionTestExecutionListener@7bdf6bb7, org.springframework.test.context.support.DirtiesContextTestExecutionListener@1bc53649, org.springframework.test.context.transaction.TransactionalTestExecutionListener@88d6f9b, org.springframework.test.context.jdbc.SqlScriptsTestExecutionListener@47d93e0d, org.springframework.test.context.event.EventPublishingTestExecutionListener@475b7792, org.springframework.boot.test.autoconfigure.restdocs.RestDocsTestExecutionListener@751e664e, org.springframework.boot.test.autoconfigure.web.client.MockRestServiceServerResetTestExecutionListener@160c3ec1, org.springframework.boot.test.autoconfigure.web.servlet.MockMvcPrintOnlyOnFailureTestExecutionListener@182b435b, org.springframework.boot.test.autoconfigure.web.servlet.WebDriverTestExecutionListener@4d0402b, org.springframework.boot.test.autoconfigure.webservices.client.MockWebServiceServerTestExecutionListener@2fa7ae9, org.springframework.boot.test.mock.mockito.ResetMocksTestExecutionListener@7577b641]
09:45:17.506 [Test worker] DEBUG org.springframework.test.context.support.AbstractDirtiesContextTestExecutionListener - Before test class: context [DefaultTestContext@6831d8fd testClass = PensionZusControllerTest, testInstance = [null], testMethod = [null], testException = [null], mergedContextConfiguration = [WebMergedContextConfiguration@27dc79f7 testClass = PensionZusControllerTest, locations = '{}', classes = '{class com.acoustic.PensionZusApplication}', contextInitializerClasses = '[]', activeProfiles = '{test}', propertySourceLocations = '{}', propertySourceProperties = '{org.springframework.boot.test.context.SpringBootTestContextBootstrapper=true}', contextCustomizers = set[org.springframework.boot.test.autoconfigure.actuate.metrics.MetricsExportContextCustomizerFactory$DisableMetricExportContextCustomizer@60641ec8, org.springframework.boot.test.autoconfigure.properties.PropertyMappingContextCustomizer@4b3fa0b3, org.springframework.boot.test.autoconfigure.web.servlet.WebDriverContextCustomizerFactory$Customizer@2cae1042, [ImportsContextCustomizer@6b85300e key = [org.springframework.boot.test.autoconfigure.web.servlet.MockMvcAutoConfiguration, org.springframework.boot.test.autoconfigure.web.servlet.MockMvcWebClientAutoConfiguration, org.springframework.boot.test.autoconfigure.web.servlet.MockMvcWebDriverAutoConfiguration, org.springframework.boot.autoconfigure.security.oauth2.client.servlet.OAuth2ClientAutoConfiguration, org.springframework.boot.autoconfigure.security.oauth2.resource.servlet.OAuth2ResourceServerAutoConfiguration, org.springframework.boot.autoconfigure.security.servlet.SecurityAutoConfiguration, org.springframework.boot.autoconfigure.security.servlet.SecurityFilterAutoConfiguration, org.springframework.boot.autoconfigure.security.servlet.UserDetailsServiceAutoConfiguration, org.springframework.boot.test.autoconfigure.web.servlet.MockMvcSecurityConfiguration, org.springframework.boot.test.autoconfigure.web.reactive.WebTestClientAutoConfiguration]], org.springframework.boot.test.context.filter.ExcludeFilterContextCustomizer@1fdfafd2, org.springframework.boot.test.json.DuplicateJsonObjectContextCustomizerFactory$DuplicateJsonObjectContextCustomizer@5c87bfe2, org.springframework.boot.test.mock.mockito.MockitoContextCustomizer@0, org.springframework.boot.test.web.client.TestRestTemplateContextCustomizer@efde75f, org.springframework.boot.test.context.SpringBootTestArgs@1, org.springframework.boot.test.context.SpringBootTestWebEnvironment@3f1d2e23], resourceBasePath = 'src/main/webapp', contextLoader = 'org.springframework.boot.test.context.SpringBootContextLoader', parent = [null]], attributes = map['org.springframework.test.context.web.ServletTestExecutionListener.activateListener' -> true]], class annotated with @DirtiesContext [false] with mode [null].

  .   ____          _            __ _ _
 /\\ / ___'_ __ _ _(_)_ __  __ _ \ \ \ \
( ( )\___ | '_ | '_| | '_ \/ _` | \ \ \ \
 \\/  ___)| |_)| | | | | || (_| |  ) ) ) )
  '  |____| .__|_| |_|_| |_\__, | / / / /
 =========|_|==============|___/=/_/_/_/
 :: Spring Boot ::                (v2.7.1)

2022-07-01 09:45:17.805  INFO 3010 --- [    Test worker] c.a.i.PensionZusControllerTest           : Starting PensionZusControllerTest using Java 11.0.15 on Giuseppes-MBP with PID 3010 (started by giuseppetumminello in /Users/giuseppetumminello/Desktop/JavaTraining/Spring-SalaryCalculator-Microservices/PensionZus)
2022-07-01 09:45:17.806  INFO 3010 --- [    Test worker] c.a.i.PensionZusControllerTest           : The following 1 profile is active: "test"
2022-07-01 09:45:18.274  INFO 3010 --- [    Test worker] .s.d.r.c.RepositoryConfigurationDelegate : Bootstrapping Spring Data JPA repositories in DEFAULT mode.
2022-07-01 09:45:18.405  INFO 3010 --- [    Test worker] .s.d.r.c.RepositoryConfigurationDelegate : Finished Spring Data repository scanning in 125 ms. Found 1 JPA repository interfaces.
2022-07-01 09:45:18.737  INFO 3010 --- [    Test worker] com.zaxxer.hikari.HikariDataSource       : HikariPool-1 - Starting...
2022-07-01 09:45:18.898  INFO 3010 --- [    Test worker] com.zaxxer.hikari.HikariDataSource       : HikariPool-1 - Start completed.
2022-07-01 09:45:18.952  INFO 3010 --- [    Test worker] o.hibernate.jpa.internal.util.LogHelper  : HHH000204: Processing PersistenceUnitInfo [name: default]
2022-07-01 09:45:18.997  INFO 3010 --- [    Test worker] org.hibernate.Version                    : HHH000412: Hibernate ORM core version 5.6.9.Final
2022-07-01 09:45:19.110  INFO 3010 --- [    Test worker] o.hibernate.annotations.common.Version   : HCANN000001: Hibernate Commons Annotations {5.1.2.Final}
2022-07-01 09:45:19.182  INFO 3010 --- [    Test worker] org.hibernate.dialect.Dialect            : HHH000400: Using dialect: org.hibernate.dialect.H2Dialect
2022-07-01 09:45:19.595  INFO 3010 --- [    Test worker] o.h.e.t.j.p.i.JtaPlatformInitiator       : HHH000490: Using JtaPlatform implementation: [org.hibernate.engine.transaction.jta.platform.internal.NoJtaPlatform]
2022-07-01 09:45:19.601  INFO 3010 --- [    Test worker] j.LocalContainerEntityManagerFactoryBean : Initialized JPA EntityManagerFactory for persistence unit 'default'
2022-07-01 09:45:19.935  WARN 3010 --- [    Test worker] JpaBaseConfiguration$JpaWebConfiguration : spring.jpa.open-in-view is enabled by default. Therefore, database queries may be performed during view rendering. Explicitly configure spring.jpa.open-in-view to disable this warning
2022-07-01 09:45:20.111  INFO 3010 --- [    Test worker] o.s.b.a.h2.H2ConsoleAutoConfiguration    : H2 console available at '/h2-console'. Database available at 'jdbc:h2:mem:salary_calculator'
2022-07-01 09:45:20.323  INFO 3010 --- [    Test worker] o.s.b.t.m.w.SpringBootMockServletContext : Initializing Spring TestDispatcherServlet ''
2022-07-01 09:45:20.323  INFO 3010 --- [    Test worker] o.s.t.web.servlet.TestDispatcherServlet  : Initializing Servlet ''
2022-07-01 09:45:20.324  INFO 3010 --- [    Test worker] o.s.t.web.servlet.TestDispatcherServlet  : Completed initialization in 1 ms
2022-07-01 09:45:20.339  INFO 3010 --- [    Test worker] c.a.i.PensionZusControllerTest           : Started PensionZusControllerTest in 2.784 seconds (JVM running for 3.693)
]]></system-out>
  <system-err><![CDATA[]]></system-err>
</testsuite>
